<?xml version="1.0" encoding="UTF-8"?>
<!-- Generated by org.testng.reporters.JUnitReportReporter -->
<testsuite hostname="DESKTOP-OURPRJ9" failures="0" tests="1" name="runners.TestRunner" time="0.648" errors="0" timestamp="05 Mar 2024 02:37:05 GMT" skipped="0">
  <testcase classname="runners.TestRunner" name="feature" time="0.648"/>
</testsuite> <!-- runners.TestRunner -->
