<?xml version="1.0" encoding="UTF-8"?>
<!-- Generated by org.testng.reporters.JUnitReportReporter -->
<testsuite hostname="DESKTOP-JPD391C" name="runners.TestRunner" tests="1" failures="0" timestamp="23 Nov 2020 16:42:51 GMT" time="0.671" errors="0">
  <testcase name="feature" time="0.671" classname="runners.TestRunner"/>
</testsuite> <!-- runners.TestRunner -->
